<?xml version="1.0" encoding="UTF-8"?>
<testsuite xmlns:xsi="http://www.w3.org/2001/XMLSchema-instance" xsi:noNamespaceSchemaLocation="https://maven.apache.org/surefire/maven-surefire-plugin/xsd/surefire-test-report-3.0.xsd" version="3.0" name="com.bptn.feedapp.FeedAppApplicationTests" time="7.717" tests="1" errors="0" skipped="0" failures="0">
  <properties>
[...]
</properties>
  <testcase name="contextLoads" classname="com.bptn.feedapp.FeedAppApplicationTests" time="0.881">
    <system-out><![CDATA[20:13:09.370 [main] INFO org.springframework.test.context.support.AnnotationConfigContextLoaderUtils -- Could not detect default configuration classes for test class [com.bptn.feedapp.FeedAppApplicationTests]: FeedAppApplicationTests does not declare any static, non-private, non-final, nested classes annotated with @Configuration.
20:13:09.519 [main] INFO org.springframework.boot.test.context.SpringBootTestContextBootstrapper -- Found @SpringBootConfiguration com.bptn.feedapp.FeedAppApplication for test class com.bptn.feedapp.FeedAppApplicationTests

   ________ ___.          .__    .___.__     _____                     .___                    
   \_____  \\_ |__   _____|__| __| _/|__|   /  _  \   ____ _____     __| _/____   _____ ___.__.
    /   |   \| __ \ /  ___/  |/ __ | |  |  /  /_\  \_/ ___\\__  \   / __ |/ __ \ /     <   |  |
   /    |    \ \_\ \\___ \|  / /_/ | |  | /    |    \  \___ / __ \_/ /_/ \  ___/|  Y Y  \___  |
   \_______  /___  /____  >__\____ | |__| \____|__  /\___  >____  /\____ |\___  >__|_|  / ____|
           \/    \/     \/        \/              \/     \/     \/      \/    \/      \/\/     

                  Obsidi Academy 2023 - Full Stack Java Developer Bootcamp.
                               :: Spring Boot (v3.1.4) :: 

2023-10-15T20:13:10.209-07:00  INFO 10920 --- [           main] c.bptn.feedapp.FeedAppApplicationTests   : Starting FeedAppApplicationTests using Java 17.0.8.1 with PID 10920 (started by USER in E:\feedApp)
2023-10-15T20:13:10.210-07:00 DEBUG 10920 --- [           main] c.bptn.feedapp.FeedAppApplicationTests   : Running with Spring Boot v3.1.4, Spring v6.0.12
2023-10-15T20:13:10.211-07:00  INFO 10920 --- [           main] c.bptn.feedapp.FeedAppApplicationTests   : The following 1 profile is active: "default"
2023-10-15T20:13:10.264-07:00 DEBUG 10920 --- [           main] o.s.w.c.s.GenericWebApplicationContext   : Refreshing org.springframework.web.context.support.GenericWebApplicationContext@529cfee5
2023-10-15T20:13:11.160-07:00  INFO 10920 --- [           main] .s.d.r.c.RepositoryConfigurationDelegate : Multiple Spring Data modules found, entering strict repository configuration mode
2023-10-15T20:13:11.162-07:00  INFO 10920 --- [           main] .s.d.r.c.RepositoryConfigurationDelegate : Bootstrapping Spring Data JDBC repositories in DEFAULT mode.
2023-10-15T20:13:11.213-07:00  INFO 10920 --- [           main] .RepositoryConfigurationExtensionSupport : Spring Data JDBC - Could not safely identify store assignment for repository candidate interface com.bptn.feedapp.repository.FeedMetaDataRepository; If you want this repository to be a JDBC repository, consider annotating your entities with one of these annotations: org.springframework.data.relational.core.mapping.Table.
2023-10-15T20:13:11.217-07:00  INFO 10920 --- [           main] .RepositoryConfigurationExtensionSupport : Spring Data JDBC - Could not safely identify store assignment for repository candidate interface com.bptn.feedapp.repository.FeedRepository; If you want this repository to be a JDBC repository, consider annotating your entities with one of these annotations: org.springframework.data.relational.core.mapping.Table.
2023-10-15T20:13:11.219-07:00  INFO 10920 --- [           main] .RepositoryConfigurationExtensionSupport : Spring Data JDBC - Could not safely identify store assignment for repository candidate interface com.bptn.feedapp.repository.UserRepository; If you want this repository to be a JDBC repository, consider annotating your entities with one of these annotations: org.springframework.data.relational.core.mapping.Table.
2023-10-15T20:13:11.220-07:00  INFO 10920 --- [           main] .s.d.r.c.RepositoryConfigurationDelegate : Finished Spring Data repository scanning in 51 ms. Found 0 JDBC repository interfaces.
2023-10-15T20:13:11.235-07:00  INFO 10920 --- [           main] .s.d.r.c.RepositoryConfigurationDelegate : Multiple Spring Data modules found, entering strict repository configuration mode
2023-10-15T20:13:11.236-07:00  INFO 10920 --- [           main] .s.d.r.c.RepositoryConfigurationDelegate : Bootstrapping Spring Data JPA repositories in DEFAULT mode.
2023-10-15T20:13:11.278-07:00  INFO 10920 --- [           main] .s.d.r.c.RepositoryConfigurationDelegate : Finished Spring Data repository scanning in 35 ms. Found 3 JPA repository interfaces.
2023-10-15T20:13:11.968-07:00  INFO 10920 --- [           main] o.hibernate.jpa.internal.util.LogHelper  : HHH000204: Processing PersistenceUnitInfo [name: default]
2023-10-15T20:13:12.060-07:00  INFO 10920 --- [           main] org.hibernate.Version                    : HHH000412: Hibernate ORM core version 6.2.9.Final
2023-10-15T20:13:12.063-07:00  INFO 10920 --- [           main] org.hibernate.cfg.Environment            : HHH000406: Using bytecode reflection optimizer
2023-10-15T20:13:12.390-07:00  INFO 10920 --- [           main] o.h.b.i.BytecodeProviderInitiator        : HHH000021: Bytecode provider name : bytebuddy
2023-10-15T20:13:12.570-07:00  INFO 10920 --- [           main] o.s.o.j.p.SpringPersistenceUnitInfo      : No LoadTimeWeaver setup: ignoring JPA class transformer
2023-10-15T20:13:12.593-07:00  INFO 10920 --- [           main] com.zaxxer.hikari.HikariDataSource       : HikariPool-1 - Starting...
2023-10-15T20:13:12.879-07:00  INFO 10920 --- [           main] com.zaxxer.hikari.pool.HikariPool        : HikariPool-1 - Added connection org.postgresql.jdbc.PgConnection@56f9de3b
2023-10-15T20:13:12.882-07:00  INFO 10920 --- [           main] com.zaxxer.hikari.HikariDataSource       : HikariPool-1 - Start completed.
2023-10-15T20:13:13.325-07:00  INFO 10920 --- [           main] o.h.b.i.BytecodeProviderInitiator        : HHH000021: Bytecode provider name : bytebuddy
2023-10-15T20:13:14.292-07:00  INFO 10920 --- [           main] o.h.e.t.j.p.i.JtaPlatformInitiator       : HHH000490: Using JtaPlatform implementation: [org.hibernate.engine.transaction.jta.platform.internal.NoJtaPlatform]
2023-10-15T20:13:14.354-07:00  INFO 10920 --- [           main] j.LocalContainerEntityManagerFactoryBean : Initialized JPA EntityManagerFactory for persistence unit 'default'
2023-10-15T20:13:14.586-07:00 DEBUG 10920 --- [           main] .m.m.a.ExceptionHandlerExceptionResolver : ControllerAdvice beans: 1 @ExceptionHandler, 1 ResponseBodyAdvice
2023-10-15T20:13:15.393-07:00 DEBUG 10920 --- [           main] s.w.s.m.m.a.RequestMappingHandlerMapping : 8 mappings in 'requestMappingHandlerMapping'
2023-10-15T20:13:15.422-07:00 DEBUG 10920 --- [           main] o.s.w.s.handler.SimpleUrlHandlerMapping  : Patterns [/webjars/**, /**] in 'resourceHandlerMapping'
2023-10-15T20:13:15.470-07:00  INFO 10920 --- [           main] o.s.s.web.DefaultSecurityFilterChain     : Will secure any request with [org.springframework.security.web.session.DisableEncodeUrlFilter@5352bc0e, org.springframework.security.web.context.request.async.WebAsyncManagerIntegrationFilter@49b73e6c, org.springframework.security.web.context.SecurityContextHolderFilter@7e0393df, org.springframework.security.web.header.HeaderWriterFilter@46cb800b, org.springframework.web.filter.CorsFilter@1f138b74, org.springframework.security.web.authentication.logout.LogoutFilter@489989eb, com.bptn.feedapp.filter.JwtAuthorizationFilter@642d971f, org.springframework.security.web.savedrequest.RequestCacheAwareFilter@3e3d8e6c, org.springframework.security.web.servletapi.SecurityContextHolderAwareRequestFilter@3894d1b1, org.springframework.security.web.authentication.AnonymousAuthenticationFilter@4c682826, org.springframework.security.web.session.SessionManagementFilter@3b44ed3c, org.springframework.security.web.access.ExceptionTranslationFilter@32eeef08, org.springframework.security.web.access.intercept.AuthorizationFilter@65fa1cd]
2023-10-15T20:13:15.667-07:00 DEBUG 10920 --- [           main] s.w.s.m.m.a.RequestMappingHandlerAdapter : ControllerAdvice beans: 0 @ModelAttribute, 0 @InitBinder, 1 RequestBodyAdvice, 1 ResponseBodyAdvice
2023-10-15T20:13:15.957-07:00  INFO 10920 --- [           main] c.bptn.feedapp.FeedAppApplicationTests   : Started FeedAppApplicationTests in 6.215 seconds (process running for 7.631)
]]></system-out>
  </testcase>
</testsuite>